+ source /root/GitRepo/mugen-riscv/libs/locallibs/common_lib.sh
++ python3 --version
++ '[' 0 -eq 0 ']'
++ source /root/GitRepo/mugen-riscv/libs/locallibs/common_lib_python.sh
+ main
++ type -t post_test
+ '[' -n function ']'
+ trap post_test EXIT INT HUP TERM
+ rpm -qa
+ grep expect
++ type -t config_params
+ '[' -n '' ']'
++ type -t pre_test
+ '[' -n function ']'
+ pre_test
+ LOG_INFO 'Start to prepare the test environment.'
+ message='Start to prepare the test environment.'
+ python3 /root/GitRepo/mugen-riscv/libs/locallibs/mugen_log.py --level info --message 'Start to prepare the test environment.'
Fri Feb  3 00:26:38 2023 - INFO  - Start to prepare the test environment.
+ DNF_INSTALL gradle
+ pkgs=gradle
+ node=1
+ '[' -z '' ']'
+ tmpfile=
++ python3 /root/GitRepo/mugen-riscv/libs/locallibs/rpm_manage.py install --pkgs gradle --node 1 --tempfile ''
+ tmpfile2='Last metadata expiration check: 0:39:16 ago on Thu Feb  2 23:51:50 2023.
Dependencies resolved.
================================================================================
 Package             Architecture  Version                Repository       Size
================================================================================
Installing:
 gradle              noarch        4.4.1-2.oe2203         mainline        9.2 M
Installing dependencies:
 args4j              noarch        2.33-6.oe2203          mainline        166 k
 aws-sdk-java        noarch        1.11.3-7.oe2203        mainline         47 M
 jgit                noarch        5.4.0-1.oe2203         mainline        3.0 M
 kohsuke-pom         noarch        14-1.oe2203            mainline         10 k

Transaction Summary
================================================================================
Install  5 Packages

Total size: 60 M
Installed size: 615 M
Downloading Packages:
[SKIPPED] args4j-2.33-6.oe2203.noarch.rpm: Already downloaded                  
[SKIPPED] aws-sdk-java-1.11.3-7.oe2203.noarch.rpm: Already downloaded          
[SKIPPED] gradle-4.4.1-2.oe2203.noarch.rpm: Already downloaded                 
[SKIPPED] jgit-5.4.0-1.oe2203.noarch.rpm: Already downloaded                   
[SKIPPED] kohsuke-pom-14-1.oe2203.noarch.rpm: Already downloaded               
Running transaction check
Waiting for process with pid 967 to finish.
Transaction check succeeded.
Running transaction test
Error: Cannot open file /var/cache/dnf/mainline-34f39d904a2a8005/packages/gradle-4.4.1-2.oe2203.noarch.rpm: [Errno 2] No such file or directory: '\''/var/cache/dnf/mainline-34f39d904a2a8005/packages/gradle-4.4.1-2.oe2203.noarch.rpm'\''
TypeError: an integer is required (got type NoneType)
FATAL ERROR: python callback ??? failed, aborting!'
+ '[' -z '' ']'
+ tmpfile='Last metadata expiration check: 0:39:16 ago on Thu Feb  2 23:51:50 2023.
Dependencies resolved.
================================================================================
 Package             Architecture  Version                Repository       Size
================================================================================
Installing:
 gradle              noarch        4.4.1-2.oe2203         mainline        9.2 M
Installing dependencies:
 args4j              noarch        2.33-6.oe2203          mainline        166 k
 aws-sdk-java        noarch        1.11.3-7.oe2203        mainline         47 M
 jgit                noarch        5.4.0-1.oe2203         mainline        3.0 M
 kohsuke-pom         noarch        14-1.oe2203            mainline         10 k

Transaction Summary
================================================================================
Install  5 Packages

Total size: 60 M
Installed size: 615 M
Downloading Packages:
[SKIPPED] args4j-2.33-6.oe2203.noarch.rpm: Already downloaded                  
[SKIPPED] aws-sdk-java-1.11.3-7.oe2203.noarch.rpm: Already downloaded          
[SKIPPED] gradle-4.4.1-2.oe2203.noarch.rpm: Already downloaded                 
[SKIPPED] jgit-5.4.0-1.oe2203.noarch.rpm: Already downloaded                   
[SKIPPED] kohsuke-pom-14-1.oe2203.noarch.rpm: Already downloaded               
Running transaction check
Waiting for process with pid 967 to finish.
Transaction check succeeded.
Running transaction test
Error: Cannot open file /var/cache/dnf/mainline-34f39d904a2a8005/packages/gradle-4.4.1-2.oe2203.noarch.rpm: [Errno 2] No such file or directory: '\''/var/cache/dnf/mainline-34f39d904a2a8005/packages/gradle-4.4.1-2.oe2203.noarch.rpm'\''
TypeError: an integer is required (got type NoneType)
FATAL ERROR: python callback ??? failed, aborting!'
+ cp ../common/build.gradle ./
+ LOG_INFO 'End to prepare the test environment.'
+ message='End to prepare the test environment.'
+ python3 /root/GitRepo/mugen-riscv/libs/locallibs/mugen_log.py --level info --message 'End to prepare the test environment.'
Fri Feb  3 00:37:11 2023 - INFO  - End to prepare the test environment.
++ type -t run_test
+ '[' -n function ']'
+ run_test
+ LOG_INFO 'Start to run test.'
+ message='Start to run test.'
+ python3 /root/GitRepo/mugen-riscv/libs/locallibs/mugen_log.py --level info --message 'Start to run test.'
Fri Feb  3 00:37:20 2023 - INFO  - Start to run test.
+ gradle -i base
+ grep 'All projects evaluated.'
Fri Feb  3 00:56:00 2023 - ERROR - Timeout : Command 'bash -x oe_test_gradle_03.sh' timed out after 1799.9722895710001 seconds
All projects evaluated.
++ post_test
++ LOG_INFO 'Start to restore the test environment.'
++ message='Start to restore the test environment.'
++ python3 /root/GitRepo/mugen-riscv/libs/locallibs/mugen_log.py --level info --message 'Start to restore the test environment.'
Fri Feb  3 01:16:09 2023 - INFO  - Start to restore the test environment.
+++ ls
+++ grep -vE '\.sh'
++ rm -rf build.gradle .gradle/
++ DNF_REMOVE
++ node=1
++ pkg_list=
++ mode=0
++ [[ -z Last metadata expiration check: 0:39:16 ago on Thu Feb  2 23:51:50 2023.
Dependencies resolved.
================================================================================
 Package             Architecture  Version                Repository       Size
================================================================================
Installing:
 gradle              noarch        4.4.1-2.oe2203         mainline        9.2 M
Installing dependencies:
 args4j              noarch        2.33-6.oe2203          mainline        166 k
 aws-sdk-java        noarch        1.11.3-7.oe2203        mainline         47 M
 jgit                noarch        5.4.0-1.oe2203         mainline        3.0 M
 kohsuke-pom         noarch        14-1.oe2203            mainline         10 k

Transaction Summary
================================================================================
Install  5 Packages

Total size: 60 M
Installed size: 615 M
Downloading Packages:
[SKIPPED] args4j-2.33-6.oe2203.noarch.rpm: Already downloaded                  
[SKIPPED] aws-sdk-java-1.11.3-7.oe2203.noarch.rpm: Already downloaded          
[SKIPPED] gradle-4.4.1-2.oe2203.noarch.rpm: Already downloaded                 
[SKIPPED] jgit-5.4.0-1.oe2203.noarch.rpm: Already downloaded                   
[SKIPPED] kohsuke-pom-14-1.oe2203.noarch.rpm: Already downloaded               
Running transaction check
Waiting for process with pid 967 to finish.
Transaction check succeeded.
Running transaction test
Error: Cannot open file /var/cache/dnf/mainline-34f39d904a2a8005/packages/gradle-4.4.1-2.oe2203.noarch.rpm: [Errno 2] No such file or directory: '/var/cache/dnf/mainline-34f39d904a2a8005/packages/gradle-4.4.1-2.oe2203.noarch.rpm'
TypeError: an integer is required (got type NoneType)
FATAL ERROR: python callback ??? failed, aborting! ]]
++ '[' 0 -ne 0 ']'
++ '[' 1 == 0 ']'
++ python3 /root/GitRepo/mugen-riscv/libs/locallibs/rpm_manage.py remove --node 1 --pkgs '' --tempfile 'Last metadata expiration check: 0:39:16 ago on Thu Feb  2 23:51:50 2023.
Dependencies resolved.
================================================================================
 Package             Architecture  Version                Repository       Size
================================================================================
Installing:
 gradle              noarch        4.4.1-2.oe2203         mainline        9.2 M
Installing dependencies:
 args4j              noarch        2.33-6.oe2203          mainline        166 k
 aws-sdk-java        noarch        1.11.3-7.oe2203        mainline         47 M
 jgit                noarch        5.4.0-1.oe2203         mainline        3.0 M
 kohsuke-pom         noarch        14-1.oe2203            mainline         10 k

Transaction Summary
================================================================================
Install  5 Packages

Total size: 60 M
Installed size: 615 M
Downloading Packages:
[SKIPPED] args4j-2.33-6.oe2203.noarch.rpm: Already downloaded                  
[SKIPPED] aws-sdk-java-1.11.3-7.oe2203.noarch.rpm: Already downloaded          
[SKIPPED] gradle-4.4.1-2.oe2203.noarch.rpm: Already downloaded                 
[SKIPPED] jgit-5.4.0-1.oe2203.noarch.rpm: Already downloaded                   
[SKIPPED] kohsuke-pom-14-1.oe2203.noarch.rpm: Already downloaded               
Running transaction check
Waiting for process with pid 967 to finish.
Transaction check succeeded.
Running transaction test
Error: Cannot open file /var/cache/dnf/mainline-34f39d904a2a8005/packages/gradle-4.4.1-2.oe2203.noarch.rpm: [Errno 2] No such file or directory: '\''/var/cache/dnf/mainline-34f39d904a2a8005/packages/gradle-4.4.1-2.oe2203.noarch.rpm'\''
TypeError: an integer is required (got type NoneType)
FATAL ERROR: python callback ??? failed, aborting!'
Traceback (most recent call last):
  File "/root/GitRepo/mugen-riscv/libs/locallibs/rpm_manage.py", line 181, in <module>
    exitcode = rpm_remove(args.node, args.pkgs, args.tempfile)
  File "/root/GitRepo/mugen-riscv/libs/locallibs/rpm_manage.py", line 152, in rpm_remove
    with open(tmpfile, "r") as f:
OSError: [Errno 36] File name too long: "Last metadata expiration check: 0:39:16 ago on Thu Feb  2 23:51:50 2023.\nDependencies resolved.\n================================================================================\n Package             Architecture  Version                Repository       Size\n================================================================================\nInstalling:\n gradle              noarch        4.4.1-2.oe2203         mainline        9.2 M\nInstalling dependencies:\n args4j              noarch        2.33-6.oe2203          mainline        166 k\n aws-sdk-java        noarch        1.11.3-7.oe2203        mainline         47 M\n jgit                noarch        5.4.0-1.oe2203         mainline        3.0 M\n kohsuke-pom         noarch        14-1.oe2203            mainline         10 k\n\nTransaction Summary\n================================================================================\nInstall  5 Packages\n\nTotal size: 60 M\nInstalled size: 615 M\nDownloading Packages:\n[SKIPPED] args4j-2.33-6.oe2203.noarch.rpm: Already downloaded                  \n[SKIPPED] aws-sdk-java-1.11.3-7.oe2203.noarch.rpm: Already downloaded          \n[SKIPPED] gradle-4.4.1-2.oe2203.noarch.rpm: Already downloaded                 \n[SKIPPED] jgit-5.4.0-1.oe2203.noarch.rpm: Already downloaded                   \n[SKIPPED] kohsuke-pom-14-1.oe2203.noarch.rpm: Already downloaded               \nRunning transaction check\nWaiting for process with pid 967 to finish.\nTransaction check succeeded.\nRunning transaction test\nError: Cannot open file /var/cache/dnf/mainline-34f39d904a2a8005/packages/gradle-4.4.1-2.oe2203.noarch.rpm: [Errno 2] No such file or directory: '/var/cache/dnf/mainline-34f39d904a2a8005/packages/gradle-4.4.1-2.oe2203.noarch.rpm'\nTypeError: an integer is required (got type NoneType)\nFATAL ERROR: python callback ??? failed, aborting!"
++ '[' 0 -ne 0 ']'
++ LOG_INFO 'End to restore the test environment.'
++ message='End to restore the test environment.'
++ python3 /root/GitRepo/mugen-riscv/libs/locallibs/mugen_log.py --level info --message 'End to restore the test environment.'
Fri Feb  3 01:16:59 2023 - INFO  - End to restore the test environment.
+ CHECK_RESULT 0 0 0 'Check gradle -i base failed.'
+ actual_result=0
+ expect_result=0
+ mode=0
+ error_log='Check gradle -i base failed.'
+ '[' -z 0 ']'
+ '[' 0 -eq 0 ']'
+ test 0x '!=' 0x
+ return 0
+ gradle extend
+ grep 'I'\''m extend!'

FAILURE: Build failed with an exception.

* What went wrong:
Task 'extend' not found in root project 'oe_test_gradle_03'.

* Try:
Run gradle tasks to get a list of available tasks. Run with --stacktrace option to get the stack trace. Run with --info or --debug option to get more log output. Run with --scan to get full insights.

* Get more help at https://help.gradle.org

BUILD FAILED in 3m 53s
+ CHECK_RESULT 1 0 0 'Check gradle extend failed.'
+ actual_result=1
+ expect_result=0
+ mode=0
+ error_log='Check gradle extend failed.'
+ '[' -z 1 ']'
+ '[' 0 -eq 0 ']'
+ test 1x '!=' 0x
+ test -n 'Check gradle extend failed.'
+ LOG_ERROR 'Check gradle extend failed.'
+ message='Check gradle extend failed.'
+ python3 /root/GitRepo/mugen-riscv/libs/locallibs/mugen_log.py --level error --message 'Check gradle extend failed.'
Fri Feb  3 01:21:52 2023 - ERROR - Check gradle extend failed.
+ (( exec_result++ ))
+ LOG_ERROR 'oe_test_gradle_03.sh line 31'
+ message='oe_test_gradle_03.sh line 31'
+ python3 /root/GitRepo/mugen-riscv/libs/locallibs/mugen_log.py --level error --message 'oe_test_gradle_03.sh line 31'
Fri Feb  3 01:22:01 2023 - ERROR - oe_test_gradle_03.sh line 31
+ return 0
+ gradle base dolast
+ grep dolast

FAILURE: Build failed with an exception.

* What went wrong:
Task 'base' not found in root project 'oe_test_gradle_03'.

* Try:
Run gradle tasks to get a list of available tasks. Run with --stacktrace option to get the stack trace. Run with --info or --debug option to get more log output. Run with --scan to get full insights.

* Get more help at https://help.gradle.org

BUILD FAILED in 4m 0s
+ CHECK_RESULT 1 0 0 'Check gradle base dolast failed.'
+ actual_result=1
+ expect_result=0
+ mode=0
+ error_log='Check gradle base dolast failed.'
+ '[' -z 1 ']'
+ '[' 0 -eq 0 ']'
+ test 1x '!=' 0x
+ test -n 'Check gradle base dolast failed.'
+ LOG_ERROR 'Check gradle base dolast failed.'
+ message='Check gradle base dolast failed.'
+ python3 /root/GitRepo/mugen-riscv/libs/locallibs/mugen_log.py --level error --message 'Check gradle base dolast failed.'
Fri Feb  3 01:27:17 2023 - ERROR - Check gradle base dolast failed.
+ (( exec_result++ ))
+ LOG_ERROR 'oe_test_gradle_03.sh line 33'
+ message='oe_test_gradle_03.sh line 33'
+ python3 /root/GitRepo/mugen-riscv/libs/locallibs/mugen_log.py --level error --message 'oe_test_gradle_03.sh line 33'
Fri Feb  3 01:27:33 2023 - ERROR - oe_test_gradle_03.sh line 33
+ return 0
+ gradle base dolast -x dolast
+ grep dolast

FAILURE: Build failed with an exception.

* What went wrong:
Task 'dolast' not found in root project 'oe_test_gradle_03'.

* Try:
Run gradle tasks to get a list of available tasks. Run with --stacktrace option to get the stack trace. Run with --info or --debug option to get more log output. Run with --scan to get full insights.

* Get more help at https://help.gradle.org

BUILD FAILED in 4m 54s
+ CHECK_RESULT 1 1 0 'Check gradle base dolast -x dolast failed.'
+ actual_result=1
+ expect_result=1
+ mode=0
+ error_log='Check gradle base dolast -x dolast failed.'
+ '[' -z 1 ']'
+ '[' 0 -eq 0 ']'
+ test 1x '!=' 1x
+ return 0
+ grep 'BUILD SUCCESSFUL'
+ gradle base --rerun-tasks

FAILURE: Build failed with an exception.

* What went wrong:
Task 'base' not found in root project 'oe_test_gradle_03'.

* Try:
Run gradle tasks to get a list of available tasks. Run with --stacktrace option to get the stack trace. Run with --info or --debug option to get more log output. Run with --scan to get full insights.

* Get more help at https://help.gradle.org

BUILD FAILED in 21m 39s
+ CHECK_RESULT 1 0 0 'Check gradle base --rerun-tasks failed.'
+ actual_result=1
+ expect_result=0
+ mode=0
+ error_log='Check gradle base --rerun-tasks failed.'
+ '[' -z 1 ']'
+ '[' 0 -eq 0 ']'
+ test 1x '!=' 0x
+ test -n 'Check gradle base --rerun-tasks failed.'
+ LOG_ERROR 'Check gradle base --rerun-tasks failed.'
+ message='Check gradle base --rerun-tasks failed.'
+ python3 /root/GitRepo/mugen-riscv/libs/locallibs/mugen_log.py --level error --message 'Check gradle base --rerun-tasks failed.'
Fri Feb  3 01:56:09 2023 - ERROR - Check gradle base --rerun-tasks failed.
+ (( exec_result++ ))
+ LOG_ERROR 'oe_test_gradle_03.sh line 37'
+ message='oe_test_gradle_03.sh line 37'
+ python3 /root/GitRepo/mugen-riscv/libs/locallibs/mugen_log.py --level error --message 'oe_test_gradle_03.sh line 37'
Fri Feb  3 01:56:22 2023 - ERROR - oe_test_gradle_03.sh line 37
+ return 0
+ gradle base --continue
+ grep 'BUILD SUCCESSFUL'

FAILURE: Build failed with an exception.

* What went wrong:
Task 'base' not found in root project 'oe_test_gradle_03'.

* Try:
Run gradle tasks to get a list of available tasks. Run with --stacktrace option to get the stack trace. Run with --info or --debug option to get more log output. Run with --scan to get full insights.

* Get more help at https://help.gradle.org

BUILD FAILED in 16m 35s
+ CHECK_RESULT 1 0 0 'Check gradle base --continue failed.'
+ actual_result=1
+ expect_result=0
+ mode=0
+ error_log='Check gradle base --continue failed.'
+ '[' -z 1 ']'
+ '[' 0 -eq 0 ']'
+ test 1x '!=' 0x
+ test -n 'Check gradle base --continue failed.'
+ LOG_ERROR 'Check gradle base --continue failed.'
+ message='Check gradle base --continue failed.'
+ python3 /root/GitRepo/mugen-riscv/libs/locallibs/mugen_log.py --level error --message 'Check gradle base --continue failed.'
Fri Feb  3 02:13:49 2023 - ERROR - Check gradle base --continue failed.
+ (( exec_result++ ))
+ LOG_ERROR 'oe_test_gradle_03.sh line 39'
+ message='oe_test_gradle_03.sh line 39'
+ python3 /root/GitRepo/mugen-riscv/libs/locallibs/mugen_log.py --level error --message 'oe_test_gradle_03.sh line 39'
Fri Feb  3 02:13:55 2023 - ERROR - oe_test_gradle_03.sh line 39
+ return 0
+ gradle base --console plain
+ grep 'BUILD SUCCESSFUL'
org.gradle.api.UncheckedIOException: Could not load properties for module 'gradle-jvm-services' from /usr/share/gradle/lib/gradle-jvm-services-4.4.1.jar
	at org.gradle.api.internal.classpath.DefaultModuleRegistry.loadModuleProperties(DefaultModuleRegistry.java:225)
	at org.gradle.api.internal.classpath.DefaultModuleRegistry.loadOptionalModule(DefaultModuleRegistry.java:121)
	at org.gradle.api.internal.classpath.DefaultModuleRegistry.loadModule(DefaultModuleRegistry.java:106)
	at org.gradle.api.internal.classpath.DefaultModuleRegistry.getModule(DefaultModuleRegistry.java:86)
	at org.gradle.api.internal.classpath.DefaultModuleRegistry.getModules(DefaultModuleRegistry.java:160)
	at org.gradle.api.internal.classpath.DefaultModuleRegistry.access$100(DefaultModuleRegistry.java:45)
	at org.gradle.api.internal.classpath.DefaultModuleRegistry$DefaultModule.getRequiredModules(DefaultModuleRegistry.java:296)
	at org.gradle.api.internal.classpath.DefaultModuleRegistry$DefaultModule.collectRequiredModules(DefaultModuleRegistry.java:321)
	at org.gradle.api.internal.classpath.DefaultModuleRegistry$DefaultModule.getAllRequiredModules(DefaultModuleRegistry.java:313)
	at org.gradle.api.internal.DefaultClassPathProvider.findClassPath(DefaultClassPathProvider.java:32)
	at org.gradle.api.internal.DefaultClassPathRegistry.getClassPath(DefaultClassPathRegistry.java:34)
	at org.gradle.launcher.bootstrap.ProcessBootstrap.runNoExit(ProcessBootstrap.java:49)
	at org.gradle.launcher.bootstrap.ProcessBootstrap.run(ProcessBootstrap.java:37)
	at org.gradle.launcher.GradleMain.main(GradleMain.java:23)
Caused by: java.io.FileNotFoundException: /usr/share/gradle/lib/gradle-jvm-services-4.4.1.jar (No such file or directory)
	at java.util.zip.ZipFile.open(Native Method)
	at java.util.zip.ZipFile.<init>(ZipFile.java:228)
	at java.util.zip.ZipFile.<init>(ZipFile.java:157)
	at java.util.zip.ZipFile.<init>(ZipFile.java:171)
	at org.gradle.api.internal.classpath.DefaultModuleRegistry.loadModuleProperties(DefaultModuleRegistry.java:213)
	... 13 more
+ CHECK_RESULT 1 0 0 'Check gradle base --console plain failed.'
+ actual_result=1
+ expect_result=0
+ mode=0
+ error_log='Check gradle base --console plain failed.'
+ '[' -z 1 ']'
+ '[' 0 -eq 0 ']'
+ test 1x '!=' 0x
+ test -n 'Check gradle base --console plain failed.'
+ LOG_ERROR 'Check gradle base --console plain failed.'
+ message='Check gradle base --console plain failed.'
+ python3 /root/GitRepo/mugen-riscv/libs/locallibs/mugen_log.py --level error --message 'Check gradle base --console plain failed.'
Fri Feb  3 02:14:29 2023 - ERROR - Check gradle base --console plain failed.
+ (( exec_result++ ))
+ LOG_ERROR 'oe_test_gradle_03.sh line 41'
+ message='oe_test_gradle_03.sh line 41'
+ python3 /root/GitRepo/mugen-riscv/libs/locallibs/mugen_log.py --level error --message 'oe_test_gradle_03.sh line 41'
Fri Feb  3 02:14:36 2023 - ERROR - oe_test_gradle_03.sh line 41
+ return 0
+ gradle base --console rich
oe_test_gradle_03.sh: line 42: gradle: command not found
+ grep 'BUILD SUCCESSFUL'
+ CHECK_RESULT 1 0 0 'Check gradle base --console plain failed.'
+ actual_result=1
+ expect_result=0
+ mode=0
+ error_log='Check gradle base --console plain failed.'
+ '[' -z 1 ']'
+ '[' 0 -eq 0 ']'
+ test 1x '!=' 0x
+ test -n 'Check gradle base --console plain failed.'
+ LOG_ERROR 'Check gradle base --console plain failed.'
+ message='Check gradle base --console plain failed.'
+ python3 /root/GitRepo/mugen-riscv/libs/locallibs/mugen_log.py --level error --message 'Check gradle base --console plain failed.'
Fri Feb  3 02:14:43 2023 - ERROR - Check gradle base --console plain failed.
+ (( exec_result++ ))
+ LOG_ERROR 'oe_test_gradle_03.sh line 43'
+ message='oe_test_gradle_03.sh line 43'
+ python3 /root/GitRepo/mugen-riscv/libs/locallibs/mugen_log.py --level error --message 'oe_test_gradle_03.sh line 43'
Fri Feb  3 02:14:50 2023 - ERROR - oe_test_gradle_03.sh line 43
+ return 0
+ gradle base --status
oe_test_gradle_03.sh: line 44: gradle: command not found
+ grep STATUS
+ CHECK_RESULT 1 0 0 'Check gradle base --status failed.'
+ actual_result=1
+ expect_result=0
+ mode=0
+ error_log='Check gradle base --status failed.'
+ '[' -z 1 ']'
+ '[' 0 -eq 0 ']'
+ test 1x '!=' 0x
+ test -n 'Check gradle base --status failed.'
+ LOG_ERROR 'Check gradle base --status failed.'
+ message='Check gradle base --status failed.'
+ python3 /root/GitRepo/mugen-riscv/libs/locallibs/mugen_log.py --level error --message 'Check gradle base --status failed.'
Fri Feb  3 02:15:00 2023 - ERROR - Check gradle base --status failed.
+ (( exec_result++ ))
+ LOG_ERROR 'oe_test_gradle_03.sh line 45'
+ message='oe_test_gradle_03.sh line 45'
+ python3 /root/GitRepo/mugen-riscv/libs/locallibs/mugen_log.py --level error --message 'oe_test_gradle_03.sh line 45'
Fri Feb  3 02:15:06 2023 - ERROR - oe_test_gradle_03.sh line 45
+ return 0
+ LOG_INFO 'End to run test.'
+ message='End to run test.'
+ python3 /root/GitRepo/mugen-riscv/libs/locallibs/mugen_log.py --level info --message 'End to run test.'
Fri Feb  3 02:15:13 2023 - INFO  - End to run test.
+ CASE_RESULT 0
+ case_re=0
+ test -z 7
+ test 7 -gt 0
+ LOG_ERROR 'failed to execute the case.'
+ message='failed to execute the case.'
+ python3 /root/GitRepo/mugen-riscv/libs/locallibs/mugen_log.py --level error --message 'failed to execute the case.'
Fri Feb  3 02:15:19 2023 - ERROR - failed to execute the case.
+ exit 7
+ post_test
+ LOG_INFO 'Start to restore the test environment.'
+ message='Start to restore the test environment.'
+ python3 /root/GitRepo/mugen-riscv/libs/locallibs/mugen_log.py --level info --message 'Start to restore the test environment.'
Fri Feb  3 02:15:26 2023 - INFO  - Start to restore the test environment.
++ ls
++ grep -vE '\.sh'
+ rm -rf .gradle/
+ DNF_REMOVE
+ node=1
+ pkg_list=
+ mode=0
+ [[ -z Last metadata expiration check: 0:39:16 ago on Thu Feb  2 23:51:50 2023.
Dependencies resolved.
================================================================================
 Package             Architecture  Version                Repository       Size
================================================================================
Installing:
 gradle              noarch        4.4.1-2.oe2203         mainline        9.2 M
Installing dependencies:
 args4j              noarch        2.33-6.oe2203          mainline        166 k
 aws-sdk-java        noarch        1.11.3-7.oe2203        mainline         47 M
 jgit                noarch        5.4.0-1.oe2203         mainline        3.0 M
 kohsuke-pom         noarch        14-1.oe2203            mainline         10 k

Transaction Summary
================================================================================
Install  5 Packages

Total size: 60 M
Installed size: 615 M
Downloading Packages:
[SKIPPED] args4j-2.33-6.oe2203.noarch.rpm: Already downloaded                  
[SKIPPED] aws-sdk-java-1.11.3-7.oe2203.noarch.rpm: Already downloaded          
[SKIPPED] gradle-4.4.1-2.oe2203.noarch.rpm: Already downloaded                 
[SKIPPED] jgit-5.4.0-1.oe2203.noarch.rpm: Already downloaded                   
[SKIPPED] kohsuke-pom-14-1.oe2203.noarch.rpm: Already downloaded               
Running transaction check
Waiting for process with pid 967 to finish.
Transaction check succeeded.
Running transaction test
Error: Cannot open file /var/cache/dnf/mainline-34f39d904a2a8005/packages/gradle-4.4.1-2.oe2203.noarch.rpm: [Errno 2] No such file or directory: '/var/cache/dnf/mainline-34f39d904a2a8005/packages/gradle-4.4.1-2.oe2203.noarch.rpm'
TypeError: an integer is required (got type NoneType)
FATAL ERROR: python callback ??? failed, aborting! ]]
+ '[' 0 -ne 0 ']'
+ '[' 1 == 0 ']'
+ python3 /root/GitRepo/mugen-riscv/libs/locallibs/rpm_manage.py remove --node 1 --pkgs '' --tempfile 'Last metadata expiration check: 0:39:16 ago on Thu Feb  2 23:51:50 2023.
Dependencies resolved.
================================================================================
 Package             Architecture  Version                Repository       Size
================================================================================
Installing:
 gradle              noarch        4.4.1-2.oe2203         mainline        9.2 M
Installing dependencies:
 args4j              noarch        2.33-6.oe2203          mainline        166 k
 aws-sdk-java        noarch        1.11.3-7.oe2203        mainline         47 M
 jgit                noarch        5.4.0-1.oe2203         mainline        3.0 M
 kohsuke-pom         noarch        14-1.oe2203            mainline         10 k

Transaction Summary
================================================================================
Install  5 Packages

Total size: 60 M
Installed size: 615 M
Downloading Packages:
[SKIPPED] args4j-2.33-6.oe2203.noarch.rpm: Already downloaded                  
[SKIPPED] aws-sdk-java-1.11.3-7.oe2203.noarch.rpm: Already downloaded          
[SKIPPED] gradle-4.4.1-2.oe2203.noarch.rpm: Already downloaded                 
[SKIPPED] jgit-5.4.0-1.oe2203.noarch.rpm: Already downloaded                   
[SKIPPED] kohsuke-pom-14-1.oe2203.noarch.rpm: Already downloaded               
Running transaction check
Waiting for process with pid 967 to finish.
Transaction check succeeded.
Running transaction test
Error: Cannot open file /var/cache/dnf/mainline-34f39d904a2a8005/packages/gradle-4.4.1-2.oe2203.noarch.rpm: [Errno 2] No such file or directory: '\''/var/cache/dnf/mainline-34f39d904a2a8005/packages/gradle-4.4.1-2.oe2203.noarch.rpm'\''
TypeError: an integer is required (got type NoneType)
FATAL ERROR: python callback ??? failed, aborting!'
Traceback (most recent call last):
  File "/root/GitRepo/mugen-riscv/libs/locallibs/rpm_manage.py", line 181, in <module>
    exitcode = rpm_remove(args.node, args.pkgs, args.tempfile)
  File "/root/GitRepo/mugen-riscv/libs/locallibs/rpm_manage.py", line 152, in rpm_remove
    with open(tmpfile, "r") as f:
OSError: [Errno 36] File name too long: "Last metadata expiration check: 0:39:16 ago on Thu Feb  2 23:51:50 2023.\nDependencies resolved.\n================================================================================\n Package             Architecture  Version                Repository       Size\n================================================================================\nInstalling:\n gradle              noarch        4.4.1-2.oe2203         mainline        9.2 M\nInstalling dependencies:\n args4j              noarch        2.33-6.oe2203          mainline        166 k\n aws-sdk-java        noarch        1.11.3-7.oe2203        mainline         47 M\n jgit                noarch        5.4.0-1.oe2203         mainline        3.0 M\n kohsuke-pom         noarch        14-1.oe2203            mainline         10 k\n\nTransaction Summary\n================================================================================\nInstall  5 Packages\n\nTotal size: 60 M\nInstalled size: 615 M\nDownloading Packages:\n[SKIPPED] args4j-2.33-6.oe2203.noarch.rpm: Already downloaded                  \n[SKIPPED] aws-sdk-java-1.11.3-7.oe2203.noarch.rpm: Already downloaded          \n[SKIPPED] gradle-4.4.1-2.oe2203.noarch.rpm: Already downloaded                 \n[SKIPPED] jgit-5.4.0-1.oe2203.noarch.rpm: Already downloaded                   \n[SKIPPED] kohsuke-pom-14-1.oe2203.noarch.rpm: Already downloaded               \nRunning transaction check\nWaiting for process with pid 967 to finish.\nTransaction check succeeded.\nRunning transaction test\nError: Cannot open file /var/cache/dnf/mainline-34f39d904a2a8005/packages/gradle-4.4.1-2.oe2203.noarch.rpm: [Errno 2] No such file or directory: '/var/cache/dnf/mainline-34f39d904a2a8005/packages/gradle-4.4.1-2.oe2203.noarch.rpm'\nTypeError: an integer is required (got type NoneType)\nFATAL ERROR: python callback ??? failed, aborting!"
+ '[' 0 -ne 0 ']'
+ LOG_INFO 'End to restore the test environment.'
+ message='End to restore the test environment.'
+ python3 /root/GitRepo/mugen-riscv/libs/locallibs/mugen_log.py --level info --message 'End to restore the test environment.'
Fri Feb  3 02:15:59 2023 - INFO  - End to restore the test environment.
