+ source /root/GitRepo/mugen-riscv/libs/locallibs/common_lib.sh
++ python3 --version
++ '[' 0 -eq 0 ']'
++ source /root/GitRepo/mugen-riscv/libs/locallibs/common_lib_python.sh
+ main
++ type -t post_test
+ '[' -n function ']'
+ trap post_test EXIT INT HUP TERM
+ rpm -qa
+ grep expect
++ type -t config_params
+ '[' -n '' ']'
++ type -t pre_test
+ '[' -n function ']'
+ pre_test
+ LOG_INFO 'Start to prepare the test environment.'
+ message='Start to prepare the test environment.'
+ python3 /root/GitRepo/mugen-riscv/libs/locallibs/mugen_log.py --level info --message 'Start to prepare the test environment.'
Sun Jan  8 00:09:45 2023 - INFO  - Start to prepare the test environment.
+ DNF_INSTALL gradle
+ pkgs=gradle
+ node=1
+ '[' -z '' ']'
+ tmpfile=
++ python3 /root/GitRepo/mugen-riscv/libs/locallibs/rpm_manage.py install --pkgs gradle --node 1 --tempfile ''
+ tmpfile2='Last metadata expiration check: 0:23:57 ago on Sat 07 Jan 2023 11:51:03 PM CST.
Dependencies resolved.
================================================================================
 Package        Architecture   Version                   Repository        Size
================================================================================
Installing:
 gradle         noarch         4.4.1-3.oe2203            mainline         9.2 M

Transaction Summary
================================================================================
Install  1 Package

Total size: 9.2 M
Installed size: 11 M
Downloading Packages:
[SKIPPED] gradle-4.4.1-3.oe2203.noarch.rpm: Already downloaded                 
Running transaction check
Waiting for process with pid 960 to finish.
Transaction check succeeded.
Running transaction test
The downloaded packages were saved in cache until the next successful transaction.
You can remove cached packages by executing '\''dnf clean packages'\''.
Error: Transaction test error:
  package gradle-4.4.1-3.oe2203.noarch is already installed'
+ '[' -z '' ']'
+ tmpfile='Last metadata expiration check: 0:23:57 ago on Sat 07 Jan 2023 11:51:03 PM CST.
Dependencies resolved.
================================================================================
 Package        Architecture   Version                   Repository        Size
================================================================================
Installing:
 gradle         noarch         4.4.1-3.oe2203            mainline         9.2 M

Transaction Summary
================================================================================
Install  1 Package

Total size: 9.2 M
Installed size: 11 M
Downloading Packages:
[SKIPPED] gradle-4.4.1-3.oe2203.noarch.rpm: Already downloaded                 
Running transaction check
Waiting for process with pid 960 to finish.
Transaction check succeeded.
Running transaction test
The downloaded packages were saved in cache until the next successful transaction.
You can remove cached packages by executing '\''dnf clean packages'\''.
Error: Transaction test error:
  package gradle-4.4.1-3.oe2203.noarch is already installed'
+ cp ../common/build.gradle ./
+ LOG_INFO 'End to prepare the test environment.'
+ message='End to prepare the test environment.'
+ python3 /root/GitRepo/mugen-riscv/libs/locallibs/mugen_log.py --level info --message 'End to prepare the test environment.'
Sun Jan  8 00:17:49 2023 - INFO  - End to prepare the test environment.
++ type -t run_test
+ '[' -n function ']'
+ run_test
+ LOG_INFO 'Start to run test.'
+ message='Start to run test.'
+ python3 /root/GitRepo/mugen-riscv/libs/locallibs/mugen_log.py --level info --message 'Start to run test.'
Sun Jan  8 00:17:59 2023 - INFO  - Start to run test.
+ gradle -i base
+ grep 'All projects evaluated.'
Sun Jan  8 00:39:04 2023 - ERROR - Timeout : Command 'bash -x oe_test_gradle_03.sh' timed out after 1799.9958617850007 seconds
All projects evaluated.
++ post_test
++ LOG_INFO 'Start to restore the test environment.'
++ message='Start to restore the test environment.'
++ python3 /root/GitRepo/mugen-riscv/libs/locallibs/mugen_log.py --level info --message 'Start to restore the test environment.'
Sun Jan  8 00:58:53 2023 - INFO  - Start to restore the test environment.
+++ grep -vE '\.sh'
+++ ls
++ rm -rf build.gradle .gradle/
++ DNF_REMOVE
++ node=1
++ pkg_list=
++ mode=0
++ [[ -z Last metadata expiration check: 0:23:57 ago on Sat 07 Jan 2023 11:51:03 PM CST.
Dependencies resolved.
================================================================================
 Package        Architecture   Version                   Repository        Size
================================================================================
Installing:
 gradle         noarch         4.4.1-3.oe2203            mainline         9.2 M

Transaction Summary
================================================================================
Install  1 Package

Total size: 9.2 M
Installed size: 11 M
Downloading Packages:
[SKIPPED] gradle-4.4.1-3.oe2203.noarch.rpm: Already downloaded                 
Running transaction check
Waiting for process with pid 960 to finish.
Transaction check succeeded.
Running transaction test
The downloaded packages were saved in cache until the next successful transaction.
You can remove cached packages by executing 'dnf clean packages'.
Error: Transaction test error:
  package gradle-4.4.1-3.oe2203.noarch is already installed ]]
++ '[' 0 -ne 0 ']'
++ '[' 1 == 0 ']'
++ python3 /root/GitRepo/mugen-riscv/libs/locallibs/rpm_manage.py remove --node 1 --pkgs '' --tempfile 'Last metadata expiration check: 0:23:57 ago on Sat 07 Jan 2023 11:51:03 PM CST.
Dependencies resolved.
================================================================================
 Package        Architecture   Version                   Repository        Size
================================================================================
Installing:
 gradle         noarch         4.4.1-3.oe2203            mainline         9.2 M

Transaction Summary
================================================================================
Install  1 Package

Total size: 9.2 M
Installed size: 11 M
Downloading Packages:
[SKIPPED] gradle-4.4.1-3.oe2203.noarch.rpm: Already downloaded                 
Running transaction check
Waiting for process with pid 960 to finish.
Transaction check succeeded.
Running transaction test
The downloaded packages were saved in cache until the next successful transaction.
You can remove cached packages by executing '\''dnf clean packages'\''.
Error: Transaction test error:
  package gradle-4.4.1-3.oe2203.noarch is already installed'
Traceback (most recent call last):
  File "/root/GitRepo/mugen-riscv/libs/locallibs/rpm_manage.py", line 181, in <module>
    exitcode = rpm_remove(args.node, args.pkgs, args.tempfile)
  File "/root/GitRepo/mugen-riscv/libs/locallibs/rpm_manage.py", line 152, in rpm_remove
    with open(tmpfile, "r") as f:
OSError: [Errno 36] File name too long: "Last metadata expiration check: 0:23:57 ago on Sat 07 Jan 2023 11:51:03 PM CST.\nDependencies resolved.\n================================================================================\n Package        Architecture   Version                   Repository        Size\n================================================================================\nInstalling:\n gradle         noarch         4.4.1-3.oe2203            mainline         9.2 M\n\nTransaction Summary\n================================================================================\nInstall  1 Package\n\nTotal size: 9.2 M\nInstalled size: 11 M\nDownloading Packages:\n[SKIPPED] gradle-4.4.1-3.oe2203.noarch.rpm: Already downloaded                 \nRunning transaction check\nWaiting for process with pid 960 to finish.\nTransaction check succeeded.\nRunning transaction test\nThe downloaded packages were saved in cache until the next successful transaction.\nYou can remove cached packages by executing 'dnf clean packages'.\nError: Transaction test error:\n  package gradle-4.4.1-3.oe2203.noarch is already installed"
++ '[' 0 -ne 0 ']'
++ LOG_INFO 'End to restore the test environment.'
++ message='End to restore the test environment.'
++ python3 /root/GitRepo/mugen-riscv/libs/locallibs/mugen_log.py --level info --message 'End to restore the test environment.'
Sun Jan  8 01:00:00 2023 - INFO  - End to restore the test environment.
+ CHECK_RESULT 0 0 0 'Check gradle -i base failed.'
+ actual_result=0
+ expect_result=0
+ mode=0
+ error_log='Check gradle -i base failed.'
+ '[' -z 0 ']'
+ '[' 0 -eq 0 ']'
+ test 0x '!=' 0x
+ return 0
+ gradle extend
+ grep 'I'\''m extend!'

FAILURE: Build failed with an exception.

* What went wrong:
Task 'extend' not found in root project 'oe_test_gradle_03'.

* Try:
Run gradle tasks to get a list of available tasks. Run with --stacktrace option to get the stack trace. Run with --info or --debug option to get more log output. Run with --scan to get full insights.

* Get more help at https://help.gradle.org

BUILD FAILED in 4m 58s
+ CHECK_RESULT 1 0 0 'Check gradle extend failed.'
+ actual_result=1
+ expect_result=0
+ mode=0
+ error_log='Check gradle extend failed.'
+ '[' -z 1 ']'
+ '[' 0 -eq 0 ']'
+ test 1x '!=' 0x
+ test -n 'Check gradle extend failed.'
+ LOG_ERROR 'Check gradle extend failed.'
+ message='Check gradle extend failed.'
+ python3 /root/GitRepo/mugen-riscv/libs/locallibs/mugen_log.py --level error --message 'Check gradle extend failed.'
Sun Jan  8 01:06:15 2023 - ERROR - Check gradle extend failed.
+ (( exec_result++ ))
+ LOG_ERROR 'oe_test_gradle_03.sh line 31'
+ message='oe_test_gradle_03.sh line 31'
+ python3 /root/GitRepo/mugen-riscv/libs/locallibs/mugen_log.py --level error --message 'oe_test_gradle_03.sh line 31'
Sun Jan  8 01:06:25 2023 - ERROR - oe_test_gradle_03.sh line 31
+ return 0
+ gradle base dolast
+ grep dolast

FAILURE: Build failed with an exception.

* What went wrong:
Task 'base' not found in root project 'oe_test_gradle_03'.

* Try:
Run gradle tasks to get a list of available tasks. Run with --stacktrace option to get the stack trace. Run with --info or --debug option to get more log output. Run with --scan to get full insights.

* Get more help at https://help.gradle.org

BUILD FAILED in 4m 46s
+ CHECK_RESULT 1 0 0 'Check gradle base dolast failed.'
+ actual_result=1
+ expect_result=0
+ mode=0
+ error_log='Check gradle base dolast failed.'
+ '[' -z 1 ']'
+ '[' 0 -eq 0 ']'
+ test 1x '!=' 0x
+ test -n 'Check gradle base dolast failed.'
+ LOG_ERROR 'Check gradle base dolast failed.'
+ message='Check gradle base dolast failed.'
+ python3 /root/GitRepo/mugen-riscv/libs/locallibs/mugen_log.py --level error --message 'Check gradle base dolast failed.'
Sun Jan  8 01:12:22 2023 - ERROR - Check gradle base dolast failed.
+ (( exec_result++ ))
+ LOG_ERROR 'oe_test_gradle_03.sh line 33'
+ message='oe_test_gradle_03.sh line 33'
+ python3 /root/GitRepo/mugen-riscv/libs/locallibs/mugen_log.py --level error --message 'oe_test_gradle_03.sh line 33'
Sun Jan  8 01:12:41 2023 - ERROR - oe_test_gradle_03.sh line 33
+ return 0
+ grep dolast
+ gradle base dolast -x dolast

FAILURE: Build failed with an exception.

* What went wrong:
Task 'dolast' not found in root project 'oe_test_gradle_03'.

* Try:
Run gradle tasks to get a list of available tasks. Run with --stacktrace option to get the stack trace. Run with --info or --debug option to get more log output. Run with --scan to get full insights.

* Get more help at https://help.gradle.org

BUILD FAILED in 5m 55s
+ CHECK_RESULT 1 1 0 'Check gradle base dolast -x dolast failed.'
+ actual_result=1
+ expect_result=1
+ mode=0
+ error_log='Check gradle base dolast -x dolast failed.'
+ '[' -z 1 ']'
+ '[' 0 -eq 0 ']'
+ test 1x '!=' 1x
+ return 0
+ gradle base --rerun-tasks
+ grep 'BUILD SUCCESSFUL'

FAILURE: Build failed with an exception.

* What went wrong:
Task 'base' not found in root project 'oe_test_gradle_03'.

* Try:
Run gradle tasks to get a list of available tasks. Run with --stacktrace option to get the stack trace. Run with --info or --debug option to get more log output. Run with --scan to get full insights.

* Get more help at https://help.gradle.org

BUILD FAILED in 22m 51s
+ CHECK_RESULT 1 0 0 'Check gradle base --rerun-tasks failed.'
+ actual_result=1
+ expect_result=0
+ mode=0
+ error_log='Check gradle base --rerun-tasks failed.'
+ '[' -z 1 ']'
+ '[' 0 -eq 0 ']'
+ test 1x '!=' 0x
+ test -n 'Check gradle base --rerun-tasks failed.'
+ LOG_ERROR 'Check gradle base --rerun-tasks failed.'
+ message='Check gradle base --rerun-tasks failed.'
+ python3 /root/GitRepo/mugen-riscv/libs/locallibs/mugen_log.py --level error --message 'Check gradle base --rerun-tasks failed.'
Sun Jan  8 01:43:58 2023 - ERROR - Check gradle base --rerun-tasks failed.
+ (( exec_result++ ))
+ LOG_ERROR 'oe_test_gradle_03.sh line 37'
+ message='oe_test_gradle_03.sh line 37'
+ python3 /root/GitRepo/mugen-riscv/libs/locallibs/mugen_log.py --level error --message 'oe_test_gradle_03.sh line 37'
Sun Jan  8 01:44:09 2023 - ERROR - oe_test_gradle_03.sh line 37
+ return 0
+ gradle base --continue
+ grep 'BUILD SUCCESSFUL'

FAILURE: Build failed with an exception.

* What went wrong:
Task 'base' not found in root project 'oe_test_gradle_03'.

* Try:
Run gradle tasks to get a list of available tasks. Run with --stacktrace option to get the stack trace. Run with --info or --debug option to get more log output. Run with --scan to get full insights.

* Get more help at https://help.gradle.org

BUILD FAILED in 3m 36s
+ CHECK_RESULT 1 0 0 'Check gradle base --continue failed.'
+ actual_result=1
+ expect_result=0
+ mode=0
+ error_log='Check gradle base --continue failed.'
+ '[' -z 1 ']'
+ '[' 0 -eq 0 ']'
+ test 1x '!=' 0x
+ test -n 'Check gradle base --continue failed.'
+ LOG_ERROR 'Check gradle base --continue failed.'
+ message='Check gradle base --continue failed.'
+ python3 /root/GitRepo/mugen-riscv/libs/locallibs/mugen_log.py --level error --message 'Check gradle base --continue failed.'
Sun Jan  8 01:48:31 2023 - ERROR - Check gradle base --continue failed.
+ (( exec_result++ ))
+ LOG_ERROR 'oe_test_gradle_03.sh line 39'
+ message='oe_test_gradle_03.sh line 39'
+ python3 /root/GitRepo/mugen-riscv/libs/locallibs/mugen_log.py --level error --message 'oe_test_gradle_03.sh line 39'
Sun Jan  8 01:48:40 2023 - ERROR - oe_test_gradle_03.sh line 39
+ return 0
+ gradle base --console plain
+ grep 'BUILD SUCCESSFUL'

FAILURE: Build failed with an exception.

* What went wrong:
Task 'base' not found in root project 'oe_test_gradle_03'.

* Try:
Run gradle tasks to get a list of available tasks. Run with --stacktrace option to get the stack trace. Run with --info or --debug option to get more log output. Run with --scan to get full insights.

* Get more help at https://help.gradle.org

BUILD FAILED in 3m 3s
+ CHECK_RESULT 1 0 0 'Check gradle base --console plain failed.'
+ actual_result=1
+ expect_result=0
+ mode=0
+ error_log='Check gradle base --console plain failed.'
+ '[' -z 1 ']'
+ '[' 0 -eq 0 ']'
+ test 1x '!=' 0x
+ test -n 'Check gradle base --console plain failed.'
+ LOG_ERROR 'Check gradle base --console plain failed.'
+ message='Check gradle base --console plain failed.'
+ python3 /root/GitRepo/mugen-riscv/libs/locallibs/mugen_log.py --level error --message 'Check gradle base --console plain failed.'
Sun Jan  8 01:52:32 2023 - ERROR - Check gradle base --console plain failed.
+ (( exec_result++ ))
+ LOG_ERROR 'oe_test_gradle_03.sh line 41'
+ message='oe_test_gradle_03.sh line 41'
+ python3 /root/GitRepo/mugen-riscv/libs/locallibs/mugen_log.py --level error --message 'oe_test_gradle_03.sh line 41'
Sun Jan  8 01:52:41 2023 - ERROR - oe_test_gradle_03.sh line 41
+ return 0
+ gradle base --console rich
+ grep 'BUILD SUCCESSFUL'
+ CHECK_RESULT 1 0 0 'Check gradle base --console plain failed.'
+ actual_result=1
+ expect_result=0
+ mode=0
+ error_log='Check gradle base --console plain failed.'
+ '[' -z 1 ']'
+ '[' 0 -eq 0 ']'
+ test 1x '!=' 0x
+ test -n 'Check gradle base --console plain failed.'
+ LOG_ERROR 'Check gradle base --console plain failed.'
+ message='Check gradle base --console plain failed.'
+ python3 /root/GitRepo/mugen-riscv/libs/locallibs/mugen_log.py --level error --message 'Check gradle base --console plain failed.'
Sun Jan  8 01:57:32 2023 - ERROR - Check gradle base --console plain failed.
+ (( exec_result++ ))
+ LOG_ERROR 'oe_test_gradle_03.sh line 43'
+ message='oe_test_gradle_03.sh line 43'
+ python3 /root/GitRepo/mugen-riscv/libs/locallibs/mugen_log.py --level error --message 'oe_test_gradle_03.sh line 43'
Sun Jan  8 01:57:40 2023 - ERROR - oe_test_gradle_03.sh line 43
+ return 0
+ gradle base --status
+ grep STATUS
   PID STATUS   INFO
+ CHECK_RESULT 0 0 0 'Check gradle base --status failed.'
+ actual_result=0
+ expect_result=0
+ mode=0
+ error_log='Check gradle base --status failed.'
+ '[' -z 0 ']'
+ '[' 0 -eq 0 ']'
+ test 0x '!=' 0x
+ return 0
+ LOG_INFO 'End to run test.'
+ message='End to run test.'
+ python3 /root/GitRepo/mugen-riscv/libs/locallibs/mugen_log.py --level info --message 'End to run test.'
Sun Jan  8 02:04:19 2023 - INFO  - End to run test.
+ CASE_RESULT 0
+ case_re=0
+ test -z 6
+ test 6 -gt 0
+ LOG_ERROR 'failed to execute the case.'
+ message='failed to execute the case.'
+ python3 /root/GitRepo/mugen-riscv/libs/locallibs/mugen_log.py --level error --message 'failed to execute the case.'
Sun Jan  8 02:04:30 2023 - ERROR - failed to execute the case.
+ exit 6
+ post_test
+ LOG_INFO 'Start to restore the test environment.'
+ message='Start to restore the test environment.'
+ python3 /root/GitRepo/mugen-riscv/libs/locallibs/mugen_log.py --level info --message 'Start to restore the test environment.'
Sun Jan  8 02:04:42 2023 - INFO  - Start to restore the test environment.
++ grep -vE '\.sh'
++ ls
+ rm -rf .gradle/
+ DNF_REMOVE
+ node=1
+ pkg_list=
+ mode=0
+ [[ -z Last metadata expiration check: 0:23:57 ago on Sat 07 Jan 2023 11:51:03 PM CST.
Dependencies resolved.
================================================================================
 Package        Architecture   Version                   Repository        Size
================================================================================
Installing:
 gradle         noarch         4.4.1-3.oe2203            mainline         9.2 M

Transaction Summary
================================================================================
Install  1 Package

Total size: 9.2 M
Installed size: 11 M
Downloading Packages:
[SKIPPED] gradle-4.4.1-3.oe2203.noarch.rpm: Already downloaded                 
Running transaction check
Waiting for process with pid 960 to finish.
Transaction check succeeded.
Running transaction test
The downloaded packages were saved in cache until the next successful transaction.
You can remove cached packages by executing 'dnf clean packages'.
Error: Transaction test error:
  package gradle-4.4.1-3.oe2203.noarch is already installed ]]
+ '[' 0 -ne 0 ']'
+ '[' 1 == 0 ']'
+ python3 /root/GitRepo/mugen-riscv/libs/locallibs/rpm_manage.py remove --node 1 --pkgs '' --tempfile 'Last metadata expiration check: 0:23:57 ago on Sat 07 Jan 2023 11:51:03 PM CST.
Dependencies resolved.
================================================================================
 Package        Architecture   Version                   Repository        Size
================================================================================
Installing:
 gradle         noarch         4.4.1-3.oe2203            mainline         9.2 M

Transaction Summary
================================================================================
Install  1 Package

Total size: 9.2 M
Installed size: 11 M
Downloading Packages:
[SKIPPED] gradle-4.4.1-3.oe2203.noarch.rpm: Already downloaded                 
Running transaction check
Waiting for process with pid 960 to finish.
Transaction check succeeded.
Running transaction test
The downloaded packages were saved in cache until the next successful transaction.
You can remove cached packages by executing '\''dnf clean packages'\''.
Error: Transaction test error:
  package gradle-4.4.1-3.oe2203.noarch is already installed'
Traceback (most recent call last):
  File "/root/GitRepo/mugen-riscv/libs/locallibs/rpm_manage.py", line 181, in <module>
    exitcode = rpm_remove(args.node, args.pkgs, args.tempfile)
  File "/root/GitRepo/mugen-riscv/libs/locallibs/rpm_manage.py", line 152, in rpm_remove
    with open(tmpfile, "r") as f:
OSError: [Errno 36] File name too long: "Last metadata expiration check: 0:23:57 ago on Sat 07 Jan 2023 11:51:03 PM CST.\nDependencies resolved.\n================================================================================\n Package        Architecture   Version                   Repository        Size\n================================================================================\nInstalling:\n gradle         noarch         4.4.1-3.oe2203            mainline         9.2 M\n\nTransaction Summary\n================================================================================\nInstall  1 Package\n\nTotal size: 9.2 M\nInstalled size: 11 M\nDownloading Packages:\n[SKIPPED] gradle-4.4.1-3.oe2203.noarch.rpm: Already downloaded                 \nRunning transaction check\nWaiting for process with pid 960 to finish.\nTransaction check succeeded.\nRunning transaction test\nThe downloaded packages were saved in cache until the next successful transaction.\nYou can remove cached packages by executing 'dnf clean packages'.\nError: Transaction test error:\n  package gradle-4.4.1-3.oe2203.noarch is already installed"
+ '[' 0 -ne 0 ']'
+ LOG_INFO 'End to restore the test environment.'
+ message='End to restore the test environment.'
+ python3 /root/GitRepo/mugen-riscv/libs/locallibs/mugen_log.py --level info --message 'End to restore the test environment.'
Sun Jan  8 02:05:32 2023 - INFO  - End to restore the test environment.
