+ source /root/GitRepo/mugen-riscv/libs/locallibs/common_lib.sh
++ python3 --version
++ '[' 0 -eq 0 ']'
++ source /root/GitRepo/mugen-riscv/libs/locallibs/common_lib_python.sh
+ main
++ type -t post_test
+ '[' -n function ']'
+ trap post_test EXIT INT HUP TERM
+ rpm -qa
+ grep expect
++ type -t config_params
+ '[' -n '' ']'
++ type -t pre_test
+ '[' -n function ']'
+ pre_test
+ LOG_INFO 'Start to prepare the test environment.'
+ message='Start to prepare the test environment.'
+ python3 /root/GitRepo/mugen-riscv/libs/locallibs/mugen_log.py --level info --message 'Start to prepare the test environment.'
Fri Feb  3 00:59:28 2023 - INFO  - Start to prepare the test environment.
+ DNF_INSTALL gradle
+ pkgs=gradle
+ node=1
+ '[' -z '' ']'
+ tmpfile=
++ python3 /root/GitRepo/mugen-riscv/libs/locallibs/rpm_manage.py install --pkgs gradle --node 1 --tempfile ''
Fri Feb  3 01:01:56 2023 - INFO  - pkgs:(gradle) is already installed
+ tmpfile2=
+ '[' -z '' ']'
+ tmpfile=
+ cp ../common/build.gradle ./
+ LOG_INFO 'End to prepare the test environment.'
+ message='End to prepare the test environment.'
+ python3 /root/GitRepo/mugen-riscv/libs/locallibs/mugen_log.py --level info --message 'End to prepare the test environment.'
Fri Feb  3 01:02:09 2023 - INFO  - End to prepare the test environment.
++ type -t run_test
+ '[' -n function ']'
+ run_test
+ LOG_INFO 'Start to run test.'
+ message='Start to run test.'
+ python3 /root/GitRepo/mugen-riscv/libs/locallibs/mugen_log.py --level info --message 'Start to run test.'
Fri Feb  3 01:02:22 2023 - INFO  - Start to run test.
+ expect
spawn gradle base --scan
yes
+ grep 'BUILD SUCCESSFUL' gradle_log
+ CHECK_RESULT 1 0 0 'Check gradle base --scan failed'
+ actual_result=1
+ expect_result=0
+ mode=0
+ error_log='Check gradle base --scan failed'
+ '[' -z 1 ']'
+ '[' 0 -eq 0 ']'
+ test 1x '!=' 0x
+ test -n 'Check gradle base --scan failed'
+ LOG_ERROR 'Check gradle base --scan failed'
+ message='Check gradle base --scan failed'
+ python3 /root/GitRepo/mugen-riscv/libs/locallibs/mugen_log.py --level error --message 'Check gradle base --scan failed'
Fri Feb  3 01:03:25 2023 - ERROR - Check gradle base --scan failed
+ (( exec_result++ ))
+ LOG_ERROR 'oe_test_gradle_04.sh line 36'
+ message='oe_test_gradle_04.sh line 36'
+ python3 /root/GitRepo/mugen-riscv/libs/locallibs/mugen_log.py --level error --message 'oe_test_gradle_04.sh line 36'
Fri Feb  3 01:03:36 2023 - ERROR - oe_test_gradle_04.sh line 36
+ return 0
+ grep 'BUILD SUCCESSFUL'
+ gradle build
Fri Feb  3 01:28:28 2023 - ERROR - Timeout : Command 'bash -x oe_test_gradle_04.sh' timed out after 1799.9921534039995 seconds
BUILD SUCCESSFUL in 39m 59s
++ post_test
++ LOG_INFO 'Start to restore the test environment.'
++ message='Start to restore the test environment.'
++ python3 /root/GitRepo/mugen-riscv/libs/locallibs/mugen_log.py --level info --message 'Start to restore the test environment.'
Fri Feb  3 01:44:22 2023 - INFO  - Start to restore the test environment.
+++ ls
+++ grep -vE '\.sh'
++ rm -rf build build.gradle gradle_log .gradle/
++ DNF_REMOVE
++ node=1
++ pkg_list=
++ mode=0
++ [[ -z '' ]]
++ [[ -z '' ]]
++ LOG_WARN 'no thing to do.'
++ message='no thing to do.'
++ python3 /root/GitRepo/mugen-riscv/libs/locallibs/mugen_log.py --level warn --message 'no thing to do.'
Fri Feb  3 01:44:35 2023 - WARN  - no thing to do.
++ return 0
++ LOG_INFO 'End to restore the test environment.'
++ message='End to restore the test environment.'
++ python3 /root/GitRepo/mugen-riscv/libs/locallibs/mugen_log.py --level info --message 'End to restore the test environment.'
Fri Feb  3 01:44:45 2023 - INFO  - End to restore the test environment.
+ CHECK_RESULT 0 0 0 'Check gradle build failed.'
+ actual_result=0
+ expect_result=0
+ mode=0
+ error_log='Check gradle build failed.'
+ '[' -z 0 ']'
+ '[' 0 -eq 0 ']'
+ test 0x '!=' 0x
+ return 0
+ gradle check
+ grep 'BUILD SUCCESSFUL'

FAILURE: Build failed with an exception.

* What went wrong:
Task 'check' not found in root project 'oe_test_gradle_04'.

* Try:
Run gradle tasks to get a list of available tasks. Run with --stacktrace option to get the stack trace. Run with --info or --debug option to get more log output. Run with --scan to get full insights.

* Get more help at https://help.gradle.org

BUILD FAILED in 3m 46s
+ CHECK_RESULT 1 0 0 'Check gradle check failed.'
+ actual_result=1
+ expect_result=0
+ mode=0
+ error_log='Check gradle check failed.'
+ '[' -z 1 ']'
+ '[' 0 -eq 0 ']'
+ test 1x '!=' 0x
+ test -n 'Check gradle check failed.'
+ LOG_ERROR 'Check gradle check failed.'
+ message='Check gradle check failed.'
+ python3 /root/GitRepo/mugen-riscv/libs/locallibs/mugen_log.py --level error --message 'Check gradle check failed.'
Fri Feb  3 01:49:26 2023 - ERROR - Check gradle check failed.
+ (( exec_result++ ))
+ LOG_ERROR 'oe_test_gradle_04.sh line 40'
+ message='oe_test_gradle_04.sh line 40'
+ python3 /root/GitRepo/mugen-riscv/libs/locallibs/mugen_log.py --level error --message 'oe_test_gradle_04.sh line 40'
Fri Feb  3 01:49:41 2023 - ERROR - oe_test_gradle_04.sh line 40
+ return 0
+ gradle clean
+ grep 'BUILD SUCCESSFUL'

FAILURE: Build failed with an exception.

* What went wrong:
Task 'clean' not found in root project 'oe_test_gradle_04'.

* Try:
Run gradle tasks to get a list of available tasks. Run with --stacktrace option to get the stack trace. Run with --info or --debug option to get more log output. Run with --scan to get full insights.

* Get more help at https://help.gradle.org

BUILD FAILED in 3m 56s
+ CHECK_RESULT 1 0 0 'Check gradle clean failed.'
+ actual_result=1
+ expect_result=0
+ mode=0
+ error_log='Check gradle clean failed.'
+ '[' -z 1 ']'
+ '[' 0 -eq 0 ']'
+ test 1x '!=' 0x
+ test -n 'Check gradle clean failed.'
+ LOG_ERROR 'Check gradle clean failed.'
+ message='Check gradle clean failed.'
+ python3 /root/GitRepo/mugen-riscv/libs/locallibs/mugen_log.py --level error --message 'Check gradle clean failed.'
Fri Feb  3 01:54:41 2023 - ERROR - Check gradle clean failed.
+ (( exec_result++ ))
+ LOG_ERROR 'oe_test_gradle_04.sh line 42'
+ message='oe_test_gradle_04.sh line 42'
+ python3 /root/GitRepo/mugen-riscv/libs/locallibs/mugen_log.py --level error --message 'oe_test_gradle_04.sh line 42'
Fri Feb  3 01:54:53 2023 - ERROR - oe_test_gradle_04.sh line 42
+ return 0
+ gradle -q help task base

FAILURE: Build failed with an exception.

* What went wrong:
Task 'base' not found in root project 'oe_test_gradle_04'.

* Try:
Run gradle tasks to get a list of available tasks. Run with --stacktrace option to get the stack trace. Run with --info or --debug option to get more log output. Run with --scan to get full insights.

* Get more help at https://help.gradle.org

BUILD FAILED in 4m 49s
+ CHECK_RESULT 1 0 0 'Check gradle -q help task base failed.'
+ actual_result=1
+ expect_result=0
+ mode=0
+ error_log='Check gradle -q help task base failed.'
+ '[' -z 1 ']'
+ '[' 0 -eq 0 ']'
+ test 1x '!=' 0x
+ test -n 'Check gradle -q help task base failed.'
+ LOG_ERROR 'Check gradle -q help task base failed.'
+ message='Check gradle -q help task base failed.'
+ python3 /root/GitRepo/mugen-riscv/libs/locallibs/mugen_log.py --level error --message 'Check gradle -q help task base failed.'
Fri Feb  3 02:00:43 2023 - ERROR - Check gradle -q help task base failed.
+ (( exec_result++ ))
+ LOG_ERROR 'oe_test_gradle_04.sh line 44'
+ message='oe_test_gradle_04.sh line 44'
+ python3 /root/GitRepo/mugen-riscv/libs/locallibs/mugen_log.py --level error --message 'oe_test_gradle_04.sh line 44'
Fri Feb  3 02:00:55 2023 - ERROR - oe_test_gradle_04.sh line 44
+ return 0
+ gradle dependencyInsight --dependency someDep
+ grep 'BUILD SUCCESSFUL'

FAILURE: Build failed with an exception.

* What went wrong:
Could not create service of type ProjectEvaluator using BuildScopeServices.createProjectEvaluator().
> Could not determine implementation class for service 'org.gradle.configuration.project.ProjectConfigureAction' specified in resource 'jar:file:/usr/share/gradle/lib/plugins/gradle-build-comparison-4.4.1.jar!/META-INF/services/org.gradle.configuration.project.ProjectConfigureAction'.

* Try:
Run with --stacktrace option to get the stack trace. Run with --info or --debug option to get more log output. Run with --scan to get full insights.

* Get more help at https://help.gradle.org

BUILD FAILED in 13m 56s
+ CHECK_RESULT 1 0 0 'Check gradle dependencyInsight failed.'
+ actual_result=1
+ expect_result=0
+ mode=0
+ error_log='Check gradle dependencyInsight failed.'
+ '[' -z 1 ']'
+ '[' 0 -eq 0 ']'
+ test 1x '!=' 0x
+ test -n 'Check gradle dependencyInsight failed.'
+ LOG_ERROR 'Check gradle dependencyInsight failed.'
+ message='Check gradle dependencyInsight failed.'
+ python3 /root/GitRepo/mugen-riscv/libs/locallibs/mugen_log.py --level error --message 'Check gradle dependencyInsight failed.'
Fri Feb  3 02:15:49 2023 - ERROR - Check gradle dependencyInsight failed.
+ (( exec_result++ ))
+ LOG_ERROR 'oe_test_gradle_04.sh line 46'
+ message='oe_test_gradle_04.sh line 46'
+ python3 /root/GitRepo/mugen-riscv/libs/locallibs/mugen_log.py --level error --message 'oe_test_gradle_04.sh line 46'
Fri Feb  3 02:15:54 2023 - ERROR - oe_test_gradle_04.sh line 46
+ return 0
+ gradle javadoc
+ grep 'BUILD SUCCESSFUL'
oe_test_gradle_04.sh: line 47: /usr/bin/gradle: No such file or directory
+ CHECK_RESULT 1 0 0 'Check gradle javadoc failed.'
+ actual_result=1
+ expect_result=0
+ mode=0
+ error_log='Check gradle javadoc failed.'
+ '[' -z 1 ']'
+ '[' 0 -eq 0 ']'
+ test 1x '!=' 0x
+ test -n 'Check gradle javadoc failed.'
+ LOG_ERROR 'Check gradle javadoc failed.'
+ message='Check gradle javadoc failed.'
+ python3 /root/GitRepo/mugen-riscv/libs/locallibs/mugen_log.py --level error --message 'Check gradle javadoc failed.'
Fri Feb  3 02:16:00 2023 - ERROR - Check gradle javadoc failed.
+ (( exec_result++ ))
+ LOG_ERROR 'oe_test_gradle_04.sh line 48'
+ message='oe_test_gradle_04.sh line 48'
+ python3 /root/GitRepo/mugen-riscv/libs/locallibs/mugen_log.py --level error --message 'oe_test_gradle_04.sh line 48'
Fri Feb  3 02:16:04 2023 - ERROR - oe_test_gradle_04.sh line 48
+ return 0
+ gradle assemble
oe_test_gradle_04.sh: line 49: /usr/bin/gradle: No such file or directory
+ grep 'BUILD SUCCESSFUL'
+ CHECK_RESULT 1 0 0 'Check gradle assemble failed.'
+ actual_result=1
+ expect_result=0
+ mode=0
+ error_log='Check gradle assemble failed.'
+ '[' -z 1 ']'
+ '[' 0 -eq 0 ']'
+ test 1x '!=' 0x
+ test -n 'Check gradle assemble failed.'
+ LOG_ERROR 'Check gradle assemble failed.'
+ message='Check gradle assemble failed.'
+ python3 /root/GitRepo/mugen-riscv/libs/locallibs/mugen_log.py --level error --message 'Check gradle assemble failed.'
Fri Feb  3 02:16:08 2023 - ERROR - Check gradle assemble failed.
+ (( exec_result++ ))
+ LOG_ERROR 'oe_test_gradle_04.sh line 50'
+ message='oe_test_gradle_04.sh line 50'
+ python3 /root/GitRepo/mugen-riscv/libs/locallibs/mugen_log.py --level error --message 'oe_test_gradle_04.sh line 50'
Fri Feb  3 02:16:11 2023 - ERROR - oe_test_gradle_04.sh line 50
+ return 0
+ gradle jar
oe_test_gradle_04.sh: line 51: /usr/bin/gradle: No such file or directory
+ grep 'BUILD SUCCESSFUL'
+ CHECK_RESULT 1 0 0 'Check gradle jar failed.'
+ actual_result=1
+ expect_result=0
+ mode=0
+ error_log='Check gradle jar failed.'
+ '[' -z 1 ']'
+ '[' 0 -eq 0 ']'
+ test 1x '!=' 0x
+ test -n 'Check gradle jar failed.'
+ LOG_ERROR 'Check gradle jar failed.'
+ message='Check gradle jar failed.'
+ python3 /root/GitRepo/mugen-riscv/libs/locallibs/mugen_log.py --level error --message 'Check gradle jar failed.'
Fri Feb  3 02:16:14 2023 - ERROR - Check gradle jar failed.
+ (( exec_result++ ))
+ LOG_ERROR 'oe_test_gradle_04.sh line 52'
+ message='oe_test_gradle_04.sh line 52'
+ python3 /root/GitRepo/mugen-riscv/libs/locallibs/mugen_log.py --level error --message 'oe_test_gradle_04.sh line 52'
Fri Feb  3 02:16:19 2023 - ERROR - oe_test_gradle_04.sh line 52
+ return 0
+ grep 'BUILD SUCCESSFUL'
+ gradle testClasses
oe_test_gradle_04.sh: line 53: /usr/bin/gradle: No such file or directory
+ CHECK_RESULT 1 0 0 'Check gradle testClasses failed.'
+ actual_result=1
+ expect_result=0
+ mode=0
+ error_log='Check gradle testClasses failed.'
+ '[' -z 1 ']'
+ '[' 0 -eq 0 ']'
+ test 1x '!=' 0x
+ test -n 'Check gradle testClasses failed.'
+ LOG_ERROR 'Check gradle testClasses failed.'
+ message='Check gradle testClasses failed.'
+ python3 /root/GitRepo/mugen-riscv/libs/locallibs/mugen_log.py --level error --message 'Check gradle testClasses failed.'
Fri Feb  3 02:16:22 2023 - ERROR - Check gradle testClasses failed.
+ (( exec_result++ ))
+ LOG_ERROR 'oe_test_gradle_04.sh line 54'
+ message='oe_test_gradle_04.sh line 54'
+ python3 /root/GitRepo/mugen-riscv/libs/locallibs/mugen_log.py --level error --message 'oe_test_gradle_04.sh line 54'
Fri Feb  3 02:16:26 2023 - ERROR - oe_test_gradle_04.sh line 54
+ return 0
+ LOG_INFO 'End to run test.'
+ message='End to run test.'
+ python3 /root/GitRepo/mugen-riscv/libs/locallibs/mugen_log.py --level info --message 'End to run test.'
Fri Feb  3 02:16:30 2023 - INFO  - End to run test.
+ CASE_RESULT 0
+ case_re=0
+ test -z 9
+ test 9 -gt 0
+ LOG_ERROR 'failed to execute the case.'
+ message='failed to execute the case.'
+ python3 /root/GitRepo/mugen-riscv/libs/locallibs/mugen_log.py --level error --message 'failed to execute the case.'
Fri Feb  3 02:16:33 2023 - ERROR - failed to execute the case.
+ exit 9
+ post_test
+ LOG_INFO 'Start to restore the test environment.'
+ message='Start to restore the test environment.'
+ python3 /root/GitRepo/mugen-riscv/libs/locallibs/mugen_log.py --level info --message 'Start to restore the test environment.'
Fri Feb  3 02:16:36 2023 - INFO  - Start to restore the test environment.
++ ls
++ grep -vE '\.sh'
+ rm -rf .gradle/
+ DNF_REMOVE
+ node=1
+ pkg_list=
+ mode=0
+ [[ -z '' ]]
+ [[ -z '' ]]
+ LOG_WARN 'no thing to do.'
+ message='no thing to do.'
+ python3 /root/GitRepo/mugen-riscv/libs/locallibs/mugen_log.py --level warn --message 'no thing to do.'
Fri Feb  3 02:16:41 2023 - WARN  - no thing to do.
+ return 0
+ LOG_INFO 'End to restore the test environment.'
+ message='End to restore the test environment.'
+ python3 /root/GitRepo/mugen-riscv/libs/locallibs/mugen_log.py --level info --message 'End to restore the test environment.'
Fri Feb  3 02:16:44 2023 - INFO  - End to restore the test environment.
